2025-06-04 08:56:00 | WARN | repo=course-sys-int-systems | action=test | passed=true
2025-04-26 13:48:00 | INFO | repo=course-sys-int-systems | action=edit | files=1
2025-02-13 08:35:00 | WARN | repo=course-sys-int-systems | action=test | passed=true
2025-02-05 07:45:00 | WARN | repo=course-sys-int-systems | action=commit
2025-02-14 21:29:00 | INFO | repo=course-sys-int-systems | action=commit
2025-04-09 12:16:00 | WARN | repo=course-sys-int-systems | action=commit
2025-02-05 10:39:00 | DEBUG | repo=course-sys-int-systems | action=commit
2025-05-27 11:25:00 | DEBUG | repo=course-sys-int-systems | action=commit
2025-05-01 07:36:00 | WARN | repo=course-sys-int-systems | action=commit
2025-11-15 08:14:00 | DEBUG | repo=course-sys-int-systems | action=commit
2025-08-24 12:38:00 | DEBUG | repo=course-sys-int-systems | action=commit
2025-12-01 17:41:00 | DEBUG | repo=course-sys-int-systems | action=commit
2025-11-13 18:11:00 | DEBUG | repo=course-sys-int-systems | action=commit
2025-03-12 07:13:00 | DEBUG | repo=course-sys-int-systems | action=pull
2025-07-28 20:13:00 | INFO | repo=course-sys-int-systems | action=commit
2025-09-08 10:32:00 | DEBUG | repo=course-sys-int-systems | action=commit
2025-12-07 07:23:00 | DEBUG | repo=course-sys-int-systems | action=commit
2025-11-14 07:28:00 | INFO | repo=course-sys-int-systems | action=commit
2025-10-19 10:54:00 | WARN | repo=course-sys-int-systems | action=edit | files=5
2025-11-10 08:28:00 | INFO | repo=course-sys-int-systems | action=commit
2025-08-19 20:49:00 | DEBUG | repo=course-sys-int-systems | action=commit
2025-07-23 07:26:00 | INFO | repo=course-sys-int-systems | action=commit
2025-10-06 15:05:00 | DEBUG | repo=course-sys-int-systems | action=commit
2025-05-10 08:20:00 | INFO | repo=course-sys-int-systems | action=commit
2025-01-23 08:16:00 | INFO | repo=course-sys-int-systems | action=pull
2025-06-27 07:20:00 | DEBUG | repo=course-sys-int-systems | action=commit
2025-05-05 10:45:00 | WARN | repo=course-sys-int-systems | action=commit
